[    4195ms] [ERROR] Failed to load resource: the server responded with a status of 404 (File not found) @ http://127.0.0.1:4173/favicon.ico:0
[  161668ms] [WARNING] Multiple GoTrueClient instances detected in the same browser context. It is not an error, but this should be avoided as it may produce undefined behavior when used concurrently under the same storage key. @ https://esm.sh/@supabase/auth-js@2.68.0/es2022/auth-js.mjs:1
[  164121ms] [ERROR] Failed to load resource: the server responded with a status of 404 () @ https://lbdmxtssrnflfawsccow.supabase.co/functions/v1/teacher-console/controls/set:0
[  223377ms] [WARNING] Multiple GoTrueClient instances detected in the same browser context. It is not an error, but this should be avoided as it may produce undefined behavior when used concurrently under the same storage key. @ https://esm.sh/@supabase/auth-js@2.68.0/es2022/auth-js.mjs:1
[  406772ms] [WARNING] Multiple GoTrueClient instances detected in the same browser context. It is not an error, but this should be avoided as it may produce undefined behavior when used concurrently under the same storage key. @ https://esm.sh/@supabase/auth-js@2.68.0/es2022/auth-js.mjs:1
[  406773ms] [WARNING] Multiple GoTrueClient instances detected in the same browser context. It is not an error, but this should be avoided as it may produce undefined behavior when used concurrently under the same storage key. @ https://esm.sh/@supabase/auth-js@2.68.0/es2022/auth-js.mjs:1
[  415167ms] [ERROR] Failed to load resource: the server responded with a status of 400 () @ https://lbdmxtssrnflfawsccow.supabase.co/functions/v1/trade/place:0
[  463358ms] [ERROR] Failed to load resource: the server responded with a status of 403 () @ https://lbdmxtssrnflfawsccow.supabase.co/functions/v1/trade/equity?account_id=44444444-4444-4444-4444-444444444442:0
[  464912ms] [ERROR] Failed to load resource: the server responded with a status of 409 () @ https://lbdmxtssrnflfawsccow.supabase.co/functions/v1/teacher-console/exports/download?job_id=93adf5bc-b005-4d9a-acd4-c255c06ad52e:0
[  470702ms] [ERROR] Failed to load resource: the server responded with a status of 409 () @ https://lbdmxtssrnflfawsccow.supabase.co/functions/v1/teacher-console/exports/download?job_id=93adf5bc-b005-4d9a-acd4-c255c06ad52e:0
[  476527ms] [ERROR] Failed to load resource: the server responded with a status of 409 () @ https://lbdmxtssrnflfawsccow.supabase.co/functions/v1/teacher-console/exports/download?job_id=93adf5bc-b005-4d9a-acd4-c255c06ad52e:0
[  482302ms] [ERROR] Failed to load resource: the server responded with a status of 409 () @ https://lbdmxtssrnflfawsccow.supabase.co/functions/v1/teacher-console/exports/download?job_id=93adf5bc-b005-4d9a-acd4-c255c06ad52e:0
[  488036ms] [ERROR] Failed to load resource: the server responded with a status of 409 () @ https://lbdmxtssrnflfawsccow.supabase.co/functions/v1/teacher-console/exports/download?job_id=93adf5bc-b005-4d9a-acd4-c255c06ad52e:0
[  493685ms] [ERROR] Failed to load resource: the server responded with a status of 409 () @ https://lbdmxtssrnflfawsccow.supabase.co/functions/v1/teacher-console/exports/download?job_id=93adf5bc-b005-4d9a-acd4-c255c06ad52e:0
[  499512ms] [ERROR] Failed to load resource: the server responded with a status of 409 () @ https://lbdmxtssrnflfawsccow.supabase.co/functions/v1/teacher-console/exports/download?job_id=93adf5bc-b005-4d9a-acd4-c255c06ad52e:0
[  505889ms] [ERROR] Failed to load resource: the server responded with a status of 409 () @ https://lbdmxtssrnflfawsccow.supabase.co/functions/v1/teacher-console/exports/download?job_id=93adf5bc-b005-4d9a-acd4-c255c06ad52e:0
[  511691ms] [ERROR] Failed to load resource: the server responded with a status of 409 () @ https://lbdmxtssrnflfawsccow.supabase.co/functions/v1/teacher-console/exports/download?job_id=93adf5bc-b005-4d9a-acd4-c255c06ad52e:0
[  517378ms] [ERROR] Failed to load resource: the server responded with a status of 409 () @ https://lbdmxtssrnflfawsccow.supabase.co/functions/v1/teacher-console/exports/download?job_id=93adf5bc-b005-4d9a-acd4-c255c06ad52e:0
[ 1004048ms] [WARNING] Multiple GoTrueClient instances detected in the same browser context. It is not an error, but this should be avoided as it may produce undefined behavior when used concurrently under the same storage key. @ https://esm.sh/@supabase/auth-js@2.68.0/es2022/auth-js.mjs:1
[ 1012639ms] [ERROR] Failed to load resource: the server responded with a status of 400 () @ https://lbdmxtssrnflfawsccow.supabase.co/functions/v1/trade/place:0
[ 1065179ms] [ERROR] Failed to load resource: the server responded with a status of 403 () @ https://lbdmxtssrnflfawsccow.supabase.co/functions/v1/trade/equity?account_id=44444444-4444-4444-4444-444444444442:0
[ 1066706ms] [ERROR] Failed to load resource: the server responded with a status of 409 () @ https://lbdmxtssrnflfawsccow.supabase.co/functions/v1/teacher-console/exports/download?job_id=f397f596-02db-4b52-9b08-bcd0032fd57b:0
[ 1073350ms] [ERROR] Failed to load resource: the server responded with a status of 409 () @ https://lbdmxtssrnflfawsccow.supabase.co/functions/v1/teacher-console/exports/download?job_id=f397f596-02db-4b52-9b08-bcd0032fd57b:0
[ 1079200ms] [ERROR] Failed to load resource: the server responded with a status of 409 () @ https://lbdmxtssrnflfawsccow.supabase.co/functions/v1/teacher-console/exports/download?job_id=f397f596-02db-4b52-9b08-bcd0032fd57b:0
[ 1084933ms] [ERROR] Failed to load resource: the server responded with a status of 409 () @ https://lbdmxtssrnflfawsccow.supabase.co/functions/v1/teacher-console/exports/download?job_id=f397f596-02db-4b52-9b08-bcd0032fd57b:0
[ 1090776ms] [ERROR] Failed to load resource: the server responded with a status of 409 () @ https://lbdmxtssrnflfawsccow.supabase.co/functions/v1/teacher-console/exports/download?job_id=f397f596-02db-4b52-9b08-bcd0032fd57b:0
[ 1096607ms] [ERROR] Failed to load resource: the server responded with a status of 409 () @ https://lbdmxtssrnflfawsccow.supabase.co/functions/v1/teacher-console/exports/download?job_id=f397f596-02db-4b52-9b08-bcd0032fd57b:0
[ 1102342ms] [ERROR] Failed to load resource: the server responded with a status of 409 () @ https://lbdmxtssrnflfawsccow.supabase.co/functions/v1/teacher-console/exports/download?job_id=f397f596-02db-4b52-9b08-bcd0032fd57b:0
[ 1108079ms] [ERROR] Failed to load resource: the server responded with a status of 409 () @ https://lbdmxtssrnflfawsccow.supabase.co/functions/v1/teacher-console/exports/download?job_id=f397f596-02db-4b52-9b08-bcd0032fd57b:0
[ 1113810ms] [ERROR] Failed to load resource: the server responded with a status of 409 () @ https://lbdmxtssrnflfawsccow.supabase.co/functions/v1/teacher-console/exports/download?job_id=f397f596-02db-4b52-9b08-bcd0032fd57b:0
